2026-02-02T00:32:37.850Z - Aplicación iniciada
2026-02-02T00:32:39.878Z - Usuario autenticado
2026-02-02T00:32:41.912Z - ERROR: conexión fallida
2026-02-02T00:45:38.951Z - Servidor iniciado en puerto 3000
2026-02-02T00:45:51.452Z - Endpoint /status llamado
2026-02-02T00:45:51.491Z - Endpoint desconocido: /favicon.ico
2026-02-02T00:46:31.588Z - Endpoint desconocido: /
2026-02-02T00:49:49.791Z - Endpoint /status llamado
2026-02-02T00:49:50.379Z - Endpoint /status llamado
2026-02-02T00:49:50.534Z - Endpoint /status llamado
2026-02-02T00:49:50.701Z - Endpoint /status llamado
2026-02-02T00:50:18.861Z - Endpoint /status llamado
2026-02-02T00:50:24.884Z - Endpoint /status llamado
2026-02-02T00:50:25.039Z - Endpoint /status llamado
2026-02-02T01:02:54.574Z - Servidor iniciado en puerto 3000
2026-02-02T01:02:56.754Z - Endpoint /status llamado
2026-02-02T01:03:17.349Z - Endpoint /status llamado
2026-02-02T01:04:14.589Z - Servidor iniciado en puerto 3000
2026-02-02T01:04:26.217Z - Endpoint /status llamado
2026-02-02T01:05:00.725Z - Endpoint /status llamado
2026-02-02T01:05:01.445Z - Endpoint /status llamado
2026-02-02T01:05:01.985Z - Endpoint /status llamado
2026-02-02T01:05:02.140Z - Endpoint /status llamado
2026-02-02T01:28:46.196Z - Servidor iniciado en puerto 3000
2026-02-02T01:28:52.514Z - Endpoint /status llamado
2026-02-02T01:30:53.803Z - Endpoint /status llamado
2026-02-02T01:30:59.684Z - Endpoint /status llamado
2026-02-02T01:42:34.082Z - Servidor iniciado en puerto 3000
2026-02-02T01:42:37.282Z - Endpoint desconocido: /cualquiercosa
2026-02-02T01:59:22.287Z - Servidor iniciado en puerto 3000
2026-02-02T01:59:36.735Z - Endpoint desconocido: /hola
2026-02-02T01:59:49.267Z - Endpoint /hello llamado
2026-02-02T02:00:09.239Z - Endpoint /status llamado
2026-02-02T02:00:27.742Z - Endpoint /hello llamado
2026-02-02T02:00:44.072Z - Servidor iniciado en puerto 3000
2026-02-02T02:01:12.134Z - Endpoint /hello llamado
2026-02-02T02:01:54.855Z - Servidor iniciado en puerto 3000
2026-02-02T02:02:06.357Z - Endpoint /brandon llamado
